<?xml version="1.0" encoding="UTF-8"?>
<!-- Generated by org.testng.reporters.JUnitReportReporter -->
<testsuite hostname="DESKTOP-MHSBUN6" failures="0" tests="1" name="Executions.Execute" time="33.562" errors="0" timestamp="2024-10-17T09:48:08 IST" skipped="0">
  <testcase classname="Executions.Execute" name="Run" time="33.562"/>
  <system-out/>
</testsuite> <!-- Executions.Execute -->
